<?xml version="1.0" encoding="UTF-8"?>
<!-- Generated by org.testng.reporters.JUnitReportReporter -->
<testsuite skipped="0" hostname="SivaRajeshValluri" name="org.test.ng.mypackage.seleniumtestng" tests="2" failures="0" timestamp="2021-05-28T06:40:25 IST" time="9.252" errors="0">
  <testcase name="openurl" time="9.158" classname="org.test.ng.mypackage.seleniumtestng"/>
  <system-out/>
  <testcase name="countlinks" time="0.094" classname="org.test.ng.mypackage.seleniumtestng"/>
  <system-out/>
</testsuite> <!-- org.test.ng.mypackage.seleniumtestng -->
